

Processing ApplicationController#index (for 127.0.0.1 at 2011-01-23 18:50:17) [GET]

ActionController::RoutingError (No route matches "/say/hello" with {:method=>:get}):
  C:/RailsInstaller/Ruby1.8.7/lib/ruby/1.8/webrick/httpserver.rb:104:in `service'
  C:/RailsInstaller/Ruby1.8.7/lib/ruby/1.8/webrick/httpserver.rb:65:in `run'
  C:/RailsInstaller/Ruby1.8.7/lib/ruby/1.8/webrick/server.rb:173:in `start_thread'
  C:/RailsInstaller/Ruby1.8.7/lib/ruby/1.8/webrick/server.rb:162:in `start'
  C:/RailsInstaller/Ruby1.8.7/lib/ruby/1.8/webrick/server.rb:162:in `start_thread'
  C:/RailsInstaller/Ruby1.8.7/lib/ruby/1.8/webrick/server.rb:95:in `start'
  C:/RailsInstaller/Ruby1.8.7/lib/ruby/1.8/webrick/server.rb:92:in `each'
  C:/RailsInstaller/Ruby1.8.7/lib/ruby/1.8/webrick/server.rb:92:in `start'
  C:/RailsInstaller/Ruby1.8.7/lib/ruby/1.8/webrick/server.rb:23:in `start'
  C:/RailsInstaller/Ruby1.8.7/lib/ruby/1.8/webrick/server.rb:82:in `start'

Rendering rescues/layout (not_found)


Processing ApplicationController#index (for 127.0.0.1 at 2011-01-23 18:50:41) [GET]

ActionController::RoutingError (No route matches "/say/hello" with {:method=>:get}):
  C:/RailsInstaller/Ruby1.8.7/lib/ruby/1.8/webrick/httpserver.rb:104:in `service'
  C:/RailsInstaller/Ruby1.8.7/lib/ruby/1.8/webrick/httpserver.rb:65:in `run'
  C:/RailsInstaller/Ruby1.8.7/lib/ruby/1.8/webrick/server.rb:173:in `start_thread'
  C:/RailsInstaller/Ruby1.8.7/lib/ruby/1.8/webrick/server.rb:162:in `start'
  C:/RailsInstaller/Ruby1.8.7/lib/ruby/1.8/webrick/server.rb:162:in `start_thread'
  C:/RailsInstaller/Ruby1.8.7/lib/ruby/1.8/webrick/server.rb:95:in `start'
  C:/RailsInstaller/Ruby1.8.7/lib/ruby/1.8/webrick/server.rb:92:in `each'
  C:/RailsInstaller/Ruby1.8.7/lib/ruby/1.8/webrick/server.rb:92:in `start'
  C:/RailsInstaller/Ruby1.8.7/lib/ruby/1.8/webrick/server.rb:23:in `start'
  C:/RailsInstaller/Ruby1.8.7/lib/ruby/1.8/webrick/server.rb:82:in `start'

Rendering rescues/layout (not_found)


Processing ApplicationController#index (for 127.0.0.1 at 2011-01-23 18:51:36) [GET]

ActionController::RoutingError (No route matches "/Say/hello" with {:method=>:get}):
  C:/RailsInstaller/Ruby1.8.7/lib/ruby/1.8/webrick/httpserver.rb:104:in `service'
  C:/RailsInstaller/Ruby1.8.7/lib/ruby/1.8/webrick/httpserver.rb:65:in `run'
  C:/RailsInstaller/Ruby1.8.7/lib/ruby/1.8/webrick/server.rb:173:in `start_thread'
  C:/RailsInstaller/Ruby1.8.7/lib/ruby/1.8/webrick/server.rb:162:in `start'
  C:/RailsInstaller/Ruby1.8.7/lib/ruby/1.8/webrick/server.rb:162:in `start_thread'
  C:/RailsInstaller/Ruby1.8.7/lib/ruby/1.8/webrick/server.rb:95:in `start'
  C:/RailsInstaller/Ruby1.8.7/lib/ruby/1.8/webrick/server.rb:92:in `each'
  C:/RailsInstaller/Ruby1.8.7/lib/ruby/1.8/webrick/server.rb:92:in `start'
  C:/RailsInstaller/Ruby1.8.7/lib/ruby/1.8/webrick/server.rb:23:in `start'
  C:/RailsInstaller/Ruby1.8.7/lib/ruby/1.8/webrick/server.rb:82:in `start'

Rendering rescues/layout (not_found)


Processing ApplicationController#index (for 127.0.0.1 at 2011-01-23 18:51:48) [GET]

ActionController::RoutingError (No route matches "/say" with {:method=>:get}):
  C:/RailsInstaller/Ruby1.8.7/lib/ruby/1.8/webrick/httpserver.rb:104:in `service'
  C:/RailsInstaller/Ruby1.8.7/lib/ruby/1.8/webrick/httpserver.rb:65:in `run'
  C:/RailsInstaller/Ruby1.8.7/lib/ruby/1.8/webrick/server.rb:173:in `start_thread'
  C:/RailsInstaller/Ruby1.8.7/lib/ruby/1.8/webrick/server.rb:162:in `start'
  C:/RailsInstaller/Ruby1.8.7/lib/ruby/1.8/webrick/server.rb:162:in `start_thread'
  C:/RailsInstaller/Ruby1.8.7/lib/ruby/1.8/webrick/server.rb:95:in `start'
  C:/RailsInstaller/Ruby1.8.7/lib/ruby/1.8/webrick/server.rb:92:in `each'
  C:/RailsInstaller/Ruby1.8.7/lib/ruby/1.8/webrick/server.rb:92:in `start'
  C:/RailsInstaller/Ruby1.8.7/lib/ruby/1.8/webrick/server.rb:23:in `start'
  C:/RailsInstaller/Ruby1.8.7/lib/ruby/1.8/webrick/server.rb:82:in `start'

Rendering rescues/layout (not_found)


Processing ApplicationController#index (for 127.0.0.1 at 2011-01-23 18:51:52) [GET]

ActionController::RoutingError (No route matches "/say/hello" with {:method=>:get}):
  C:/RailsInstaller/Ruby1.8.7/lib/ruby/1.8/webrick/httpserver.rb:104:in `service'
  C:/RailsInstaller/Ruby1.8.7/lib/ruby/1.8/webrick/httpserver.rb:65:in `run'
  C:/RailsInstaller/Ruby1.8.7/lib/ruby/1.8/webrick/server.rb:173:in `start_thread'
  C:/RailsInstaller/Ruby1.8.7/lib/ruby/1.8/webrick/server.rb:162:in `start'
  C:/RailsInstaller/Ruby1.8.7/lib/ruby/1.8/webrick/server.rb:162:in `start_thread'
  C:/RailsInstaller/Ruby1.8.7/lib/ruby/1.8/webrick/server.rb:95:in `start'
  C:/RailsInstaller/Ruby1.8.7/lib/ruby/1.8/webrick/server.rb:92:in `each'
  C:/RailsInstaller/Ruby1.8.7/lib/ruby/1.8/webrick/server.rb:92:in `start'
  C:/RailsInstaller/Ruby1.8.7/lib/ruby/1.8/webrick/server.rb:23:in `start'
  C:/RailsInstaller/Ruby1.8.7/lib/ruby/1.8/webrick/server.rb:82:in `start'

Rendering rescues/layout (not_found)


Processing SayController#hello (for 127.0.0.1 at 2011-01-23 18:55:44) [GET]

ActionView::MissingTemplate (Missing template say/hello.erb in view path app/views):
  C:/RailsInstaller/Ruby1.8.7/lib/ruby/1.8/webrick/httpserver.rb:104:in `service'
  C:/RailsInstaller/Ruby1.8.7/lib/ruby/1.8/webrick/httpserver.rb:65:in `run'
  C:/RailsInstaller/Ruby1.8.7/lib/ruby/1.8/webrick/server.rb:173:in `start_thread'
  C:/RailsInstaller/Ruby1.8.7/lib/ruby/1.8/webrick/server.rb:162:in `start'
  C:/RailsInstaller/Ruby1.8.7/lib/ruby/1.8/webrick/server.rb:162:in `start_thread'
  C:/RailsInstaller/Ruby1.8.7/lib/ruby/1.8/webrick/server.rb:95:in `start'
  C:/RailsInstaller/Ruby1.8.7/lib/ruby/1.8/webrick/server.rb:92:in `each'
  C:/RailsInstaller/Ruby1.8.7/lib/ruby/1.8/webrick/server.rb:92:in `start'
  C:/RailsInstaller/Ruby1.8.7/lib/ruby/1.8/webrick/server.rb:23:in `start'
  C:/RailsInstaller/Ruby1.8.7/lib/ruby/1.8/webrick/server.rb:82:in `start'

Rendering rescues/layout (internal_server_error)


Processing SayController#hello (for 127.0.0.1 at 2011-01-23 19:00:25) [GET]
Rendering say/hello
Completed in 10ms (View: 10, DB: 0) | 200 OK [http://localhost/say/hello]


Processing SayController#hello (for 127.0.0.1 at 2011-01-23 19:11:38) [GET]
Rendering say/hello
Completed in 20ms (View: 10, DB: 0) | 200 OK [http://localhost/say/hello]


Processing SayController#hello (for 127.0.0.1 at 2011-01-23 19:13:48) [GET]
Rendering say/hello
Completed in 10ms (View: 10, DB: 0) | 200 OK [http://localhost/say/hello]


Processing SayController#hello (for 127.0.0.1 at 2011-01-23 19:15:42) [GET]
Rendering say/hello
Completed in 10ms (View: 10, DB: 0) | 200 OK [http://localhost/say/hello]


Processing SayController#hello (for 127.0.0.1 at 2011-01-23 19:17:04) [GET]
Rendering say/hello
Completed in 10ms (View: 10, DB: 0) | 200 OK [http://localhost/say/hello]


Processing SayController#hello (for 127.0.0.1 at 2011-01-23 19:21:00) [GET]
Rendering say/hello
Completed in 10ms (View: 10, DB: 0) | 200 OK [http://localhost/say/hello]


Processing SayController#hello (for 127.0.0.1 at 2011-01-23 19:27:59) [GET]
Rendering say/hello
Completed in 10ms (View: 10, DB: 0) | 200 OK [http://localhost/say/hello]


Processing SayController#hello (for 127.0.0.1 at 2011-01-23 19:28:08) [GET]
Rendering say/hello
Completed in 10ms (View: 0, DB: 0) | 200 OK [http://localhost/say/hello]


Processing SayController#hello (for 127.0.0.1 at 2011-01-23 19:29:27) [GET]
Rendering say/hello
Completed in 10ms (View: 10, DB: 0) | 200 OK [http://localhost/say/hello]


Processing SayController#hello (for 127.0.0.1 at 2011-01-23 20:29:58) [GET]
Rendering say/hello
Completed in 10ms (View: 10, DB: 0) | 200 OK [http://localhost/say/hello]


Processing SayController#hello (for 127.0.0.1 at 2011-01-23 20:30:15) [GET]
Rendering say/hello
Completed in 0ms (View: 0, DB: 0) | 200 OK [http://localhost/say/hello]


Processing SayController#goodbye (for 127.0.0.1 at 2011-01-23 20:52:15) [GET]
Rendering say/goodbye
Completed in 0ms (View: 0, DB: 0) | 200 OK [http://localhost/say/goodbye]


Processing SayController#goodbye (for 127.0.0.1 at 2011-01-23 20:53:40) [GET]
Rendering say/goodbye
Completed in 62ms (View: 12, DB: 0) | 200 OK [http://localhost/say/goodbye]


Processing SayController#hello (for 127.0.0.1 at 2011-01-23 20:53:41) [GET]
Rendering say/hello
Completed in 0ms (View: 0, DB: 0) | 200 OK [http://localhost/say/hello]


Processing SayController#goodbye (for 127.0.0.1 at 2011-01-23 20:53:43) [GET]
Rendering say/goodbye
Completed in 0ms (View: 0, DB: 0) | 200 OK [http://localhost/say/goodbye]


Processing SayController#goodbye (for 127.0.0.1 at 2011-01-23 21:00:50) [GET]
Rendering say/goodbye
Completed in 10ms (View: 10, DB: 0) | 200 OK [http://localhost/say/goodbye]


Processing SayController#hello (for 127.0.0.1 at 2011-01-23 21:00:52) [GET]
Rendering say/hello
Completed in 10ms (View: 10, DB: 0) | 200 OK [http://localhost/say/hello]


Processing SayController#goodbye (for 127.0.0.1 at 2011-01-23 21:00:55) [GET]
Rendering say/goodbye
Completed in 10ms (View: 10, DB: 0) | 200 OK [http://localhost/say/goodbye]
